[2022-09-24T19:42:27.307] [ERROR] default - Ejemplo error
[2022-09-24T20:30:57.902] [ERROR] default - Error: listen EADDRINUSE: address already in use :::8080
    at Server.setupListenHandle [as _listen2] (node:net:1334:16)
    at listenInCluster (node:net:1382:12)
    at Server.listen (node:net:1469:7)
    at Function.listen (/home/alfonso/Desktop/Backend/Entrega16/node_modules/express/lib/application.js:618:24)
    at file:///home/alfonso/Desktop/Backend/Entrega16/src/server.js:76:20
    at ModuleJob.run (node:internal/modules/esm/module_job:185:25)
    at async Promise.all (index 0)
    at async ESMLoader.import (node:internal/modules/esm/loader:281:24)
    at async loadESM (node:internal/process/esm_loader:88:5)
    at async handleMainPromise (node:internal/modules/run_main:65:12) {
  code: 'EADDRINUSE',
  errno: -98,
  syscall: 'listen',
  address: '::',
  port: 8080
}
[2022-09-24T20:31:04.761] [ERROR] default - Error: listen EADDRINUSE: address already in use :::8080
    at Server.setupListenHandle [as _listen2] (node:net:1334:16)
    at listenInCluster (node:net:1382:12)
    at Server.listen (node:net:1469:7)
    at Function.listen (/home/alfonso/Desktop/Backend/Entrega16/node_modules/express/lib/application.js:618:24)
    at file:///home/alfonso/Desktop/Backend/Entrega16/src/server.js:76:20
    at ModuleJob.run (node:internal/modules/esm/module_job:185:25)
    at async Promise.all (index 0)
    at async ESMLoader.import (node:internal/modules/esm/loader:281:24)
    at async loadESM (node:internal/process/esm_loader:88:5)
    at async handleMainPromise (node:internal/modules/run_main:65:12) {
  code: 'EADDRINUSE',
  errno: -98,
  syscall: 'listen',
  address: '::',
  port: 8080
}
[2022-10-10T19:31:45.180] [ERROR] default - Error: self signed certificate in certificate chain
    at TLSSocket.onConnectSecure (node:_tls_wrap:1530:34)
    at TLSSocket.emit (node:events:390:28)
    at TLSSocket._finishInit (node:_tls_wrap:944:8)
    at TLSWrap.ssl.onhandshakedone (node:_tls_wrap:725:12) {
  code: 'ESOCKET',
  command: 'CONN'
}
[2022-10-10T19:35:29.546] [ERROR] default - Error: self signed certificate in certificate chain
    at TLSSocket.onConnectSecure (node:_tls_wrap:1530:34)
    at TLSSocket.emit (node:events:390:28)
    at TLSSocket._finishInit (node:_tls_wrap:944:8)
    at TLSWrap.ssl.onhandshakedone (node:_tls_wrap:725:12) {
  code: 'ESOCKET',
  command: 'CONN'
}
